2019-10-19 12:50:28,051 INFO com.cg.onlinewalletwithspringbootrest.OnlinewalletwithangularApplication [restartedMain] Starting OnlinewalletwithangularApplication on DESKTOP-NJBCR51 with PID 6036 (C:\Users\Admin\Desktop\sprint4updae\onlinewalletwithangular\target\classes started by Admin in C:\Users\Admin\Desktop\sprint4updae\onlinewalletwithangular)
2019-10-19 12:50:28,053 DEBUG com.cg.onlinewalletwithspringbootrest.OnlinewalletwithangularApplication [restartedMain] Running with Spring Boot v2.2.0.RELEASE, Spring v5.2.0.RELEASE
2019-10-19 12:50:28,053 INFO com.cg.onlinewalletwithspringbootrest.OnlinewalletwithangularApplication [restartedMain] The following profiles are active: production
2019-10-19 12:50:33,618 INFO com.cg.onlinewalletwithspringbootrest.OnlinewalletwithangularApplication [restartedMain] Started OnlinewalletwithangularApplication in 6.071 seconds (JVM running for 6.843)
2019-10-19 12:58:01,764 ERROR org.apache.catalina.core.ContainerBase.[Tomcat].[localhost].[/].[dispatcherServlet] [http-nio-9050-exec-7] Servlet.service() for servlet [dispatcherServlet] in context with path [] threw exception [Request processing failed; nested exception is com.twilio.exception.ApiException: Authenticate] with root cause
com.twilio.exception.ApiException: Authenticate
	at com.twilio.rest.api.v2010.account.MessageCreator.create(MessageCreator.java:445)
	at com.twilio.rest.api.v2010.account.MessageCreator.create(MessageCreator.java:25)
	at com.twilio.base.Creator.create(Creator.java:45)
	at com.cg.onlinewalletwithspringbootrest.service.OnlineWalletServiceImpl.addWalletUser(OnlineWalletServiceImpl.java:77)
	at com.cg.onlinewalletwithspringbootrest.controller.OnlineWalletController.getRegistrationDetails(OnlineWalletController.java:70)
	at sun.reflect.NativeMethodAccessorImpl.invoke0(Native Method)
	at sun.reflect.NativeMethodAccessorImpl.invoke(Unknown Source)
	at sun.reflect.DelegatingMethodAccessorImpl.invoke(Unknown Source)
	at java.lang.reflect.Method.invoke(Unknown Source)
	at org.springframework.web.method.support.InvocableHandlerMethod.doInvoke(InvocableHandlerMethod.java:190)
	at org.springframework.web.method.support.InvocableHandlerMethod.invokeForRequest(InvocableHandlerMethod.java:138)
	at org.springframework.web.servlet.mvc.method.annotation.ServletInvocableHandlerMethod.invokeAndHandle(ServletInvocableHandlerMethod.java:106)
	at org.springframework.web.servlet.mvc.method.annotation.RequestMappingHandlerAdapter.invokeHandlerMethod(RequestMappingHandlerAdapter.java:888)
	at org.springframework.web.servlet.mvc.method.annotation.RequestMappingHandlerAdapter.handleInternal(RequestMappingHandlerAdapter.java:793)
	at org.springframework.web.servlet.mvc.method.AbstractHandlerMethodAdapter.handle(AbstractHandlerMethodAdapter.java:87)
	at org.springframework.web.servlet.DispatcherServlet.doDispatch(DispatcherServlet.java:1040)
	at org.springframework.web.servlet.DispatcherServlet.doService(DispatcherServlet.java:943)
	at org.springframework.web.servlet.FrameworkServlet.processRequest(FrameworkServlet.java:1006)
	at org.springframework.web.servlet.FrameworkServlet.doPost(FrameworkServlet.java:909)
	at javax.servlet.http.HttpServlet.service(HttpServlet.java:660)
	at org.springframework.web.servlet.FrameworkServlet.service(FrameworkServlet.java:883)
	at javax.servlet.http.HttpServlet.service(HttpServlet.java:741)
	at org.apache.catalina.core.ApplicationFilterChain.internalDoFilter(ApplicationFilterChain.java:231)
	at org.apache.catalina.core.ApplicationFilterChain.doFilter(ApplicationFilterChain.java:166)
	at org.apache.tomcat.websocket.server.WsFilter.doFilter(WsFilter.java:53)
	at org.apache.catalina.core.ApplicationFilterChain.internalDoFilter(ApplicationFilterChain.java:193)
	at org.apache.catalina.core.ApplicationFilterChain.doFilter(ApplicationFilterChain.java:166)
	at org.springframework.web.filter.RequestContextFilter.doFilterInternal(RequestContextFilter.java:100)
	at org.springframework.web.filter.OncePerRequestFilter.doFilter(OncePerRequestFilter.java:119)
	at org.apache.catalina.core.ApplicationFilterChain.internalDoFilter(ApplicationFilterChain.java:193)
	at org.apache.catalina.core.ApplicationFilterChain.doFilter(ApplicationFilterChain.java:166)
	at org.springframework.web.filter.FormContentFilter.doFilterInternal(FormContentFilter.java:93)
	at org.springframework.web.filter.OncePerRequestFilter.doFilter(OncePerRequestFilter.java:119)
	at org.apache.catalina.core.ApplicationFilterChain.internalDoFilter(ApplicationFilterChain.java:193)
	at org.apache.catalina.core.ApplicationFilterChain.doFilter(ApplicationFilterChain.java:166)
	at org.springframework.web.filter.CharacterEncodingFilter.doFilterInternal(CharacterEncodingFilter.java:201)
	at org.springframework.web.filter.OncePerRequestFilter.doFilter(OncePerRequestFilter.java:119)
	at org.apache.catalina.core.ApplicationFilterChain.internalDoFilter(ApplicationFilterChain.java:193)
	at org.apache.catalina.core.ApplicationFilterChain.doFilter(ApplicationFilterChain.java:166)
	at org.apache.catalina.core.StandardWrapperValve.invoke(StandardWrapperValve.java:202)
	at org.apache.catalina.core.StandardContextValve.invoke(StandardContextValve.java:96)
	at org.apache.catalina.authenticator.AuthenticatorBase.invoke(AuthenticatorBase.java:526)
	at org.apache.catalina.core.StandardHostValve.invoke(StandardHostValve.java:139)
	at org.apache.catalina.valves.ErrorReportValve.invoke(ErrorReportValve.java:92)
	at org.apache.catalina.core.StandardEngineValve.invoke(StandardEngineValve.java:74)
	at org.apache.catalina.connector.CoyoteAdapter.service(CoyoteAdapter.java:343)
	at org.apache.coyote.http11.Http11Processor.service(Http11Processor.java:408)
	at org.apache.coyote.AbstractProcessorLight.process(AbstractProcessorLight.java:66)
	at org.apache.coyote.AbstractProtocol$ConnectionHandler.process(AbstractProtocol.java:861)
	at org.apache.tomcat.util.net.NioEndpoint$SocketProcessor.doRun(NioEndpoint.java:1579)
	at org.apache.tomcat.util.net.SocketProcessorBase.run(SocketProcessorBase.java:49)
	at java.util.concurrent.ThreadPoolExecutor.runWorker(Unknown Source)
	at java.util.concurrent.ThreadPoolExecutor$Worker.run(Unknown Source)
	at org.apache.tomcat.util.threads.TaskThread$WrappingRunnable.run(TaskThread.java:61)
	at java.lang.Thread.run(Unknown Source)
2019-10-19 13:06:04,561 INFO com.cg.onlinewalletwithspringbootrest.OnlinewalletwithangularApplication [restartedMain] Starting OnlinewalletwithangularApplication on DESKTOP-NJBCR51 with PID 6036 (C:\Users\Admin\Desktop\sprint4updae\onlinewalletwithangular\target\classes started by Admin in C:\Users\Admin\Desktop\sprint4updae\onlinewalletwithangular)
2019-10-19 13:06:04,561 DEBUG com.cg.onlinewalletwithspringbootrest.OnlinewalletwithangularApplication [restartedMain] Running with Spring Boot v2.2.0.RELEASE, Spring v5.2.0.RELEASE
2019-10-19 13:06:04,561 INFO com.cg.onlinewalletwithspringbootrest.OnlinewalletwithangularApplication [restartedMain] The following profiles are active: production
2019-10-19 13:06:06,466 INFO com.cg.onlinewalletwithspringbootrest.OnlinewalletwithangularApplication [restartedMain] Started OnlinewalletwithangularApplication in 1.965 seconds (JVM running for 939.691)
2019-10-19 13:06:57,740 INFO com.cg.onlinewalletwithspringbootrest.OnlinewalletwithangularApplication [restartedMain] Starting OnlinewalletwithangularApplication on DESKTOP-NJBCR51 with PID 6036 (C:\Users\Admin\Desktop\sprint4updae\onlinewalletwithangular\target\classes started by Admin in C:\Users\Admin\Desktop\sprint4updae\onlinewalletwithangular)
2019-10-19 13:06:57,740 DEBUG com.cg.onlinewalletwithspringbootrest.OnlinewalletwithangularApplication [restartedMain] Running with Spring Boot v2.2.0.RELEASE, Spring v5.2.0.RELEASE
2019-10-19 13:06:57,740 INFO com.cg.onlinewalletwithspringbootrest.OnlinewalletwithangularApplication [restartedMain] The following profiles are active: production
2019-10-19 13:06:59,294 INFO com.cg.onlinewalletwithspringbootrest.OnlinewalletwithangularApplication [restartedMain] Started OnlinewalletwithangularApplication in 1.611 seconds (JVM running for 992.519)
2019-10-19 14:32:42,415 INFO com.cg.onlinewalletwithspringbootrest.OnlinewalletwithangularApplication [restartedMain] Starting OnlinewalletwithangularApplication on DESKTOP-NJBCR51 with PID 6036 (C:\Users\Admin\Desktop\sprint4updae\onlinewalletwithangular\target\classes started by Admin in C:\Users\Admin\Desktop\sprint4updae\onlinewalletwithangular)
2019-10-19 14:32:42,415 DEBUG com.cg.onlinewalletwithspringbootrest.OnlinewalletwithangularApplication [restartedMain] Running with Spring Boot v2.2.0.RELEASE, Spring v5.2.0.RELEASE
2019-10-19 14:32:42,415 INFO com.cg.onlinewalletwithspringbootrest.OnlinewalletwithangularApplication [restartedMain] The following profiles are active: production
2019-10-19 14:32:43,982 INFO com.cg.onlinewalletwithspringbootrest.OnlinewalletwithangularApplication [restartedMain] Started OnlinewalletwithangularApplication in 1.638 seconds (JVM running for 6137.206)
2019-10-19 14:36:14,824 INFO com.cg.onlinewalletwithspringbootrest.OnlinewalletwithangularApplication [restartedMain] Starting OnlinewalletwithangularApplication on DESKTOP-NJBCR51 with PID 6036 (C:\Users\Admin\Desktop\sprint4updae\onlinewalletwithangular\target\classes started by Admin in C:\Users\Admin\Desktop\sprint4updae\onlinewalletwithangular)
2019-10-19 14:36:14,824 DEBUG com.cg.onlinewalletwithspringbootrest.OnlinewalletwithangularApplication [restartedMain] Running with Spring Boot v2.2.0.RELEASE, Spring v5.2.0.RELEASE
2019-10-19 14:36:14,824 INFO com.cg.onlinewalletwithspringbootrest.OnlinewalletwithangularApplication [restartedMain] The following profiles are active: production
2019-10-19 14:36:16,003 INFO com.cg.onlinewalletwithspringbootrest.OnlinewalletwithangularApplication [restartedMain] Started OnlinewalletwithangularApplication in 1.221 seconds (JVM running for 6349.227)
2019-10-19 14:36:46,939 INFO com.cg.onlinewalletwithspringbootrest.OnlinewalletwithangularApplication [restartedMain] Starting OnlinewalletwithangularApplication on DESKTOP-NJBCR51 with PID 6036 (C:\Users\Admin\Desktop\sprint4updae\onlinewalletwithangular\target\classes started by Admin in C:\Users\Admin\Desktop\sprint4updae\onlinewalletwithangular)
2019-10-19 14:36:46,940 DEBUG com.cg.onlinewalletwithspringbootrest.OnlinewalletwithangularApplication [restartedMain] Running with Spring Boot v2.2.0.RELEASE, Spring v5.2.0.RELEASE
2019-10-19 14:36:46,940 INFO com.cg.onlinewalletwithspringbootrest.OnlinewalletwithangularApplication [restartedMain] The following profiles are active: production
2019-10-19 14:36:48,192 INFO com.cg.onlinewalletwithspringbootrest.OnlinewalletwithangularApplication [restartedMain] Started OnlinewalletwithangularApplication in 1.292 seconds (JVM running for 6381.416)
2019-10-19 14:37:30,256 INFO com.cg.onlinewalletwithspringbootrest.OnlinewalletwithangularApplication [restartedMain] Starting OnlinewalletwithangularApplication on DESKTOP-NJBCR51 with PID 6036 (C:\Users\Admin\Desktop\sprint4updae\onlinewalletwithangular\target\classes started by Admin in C:\Users\Admin\Desktop\sprint4updae\onlinewalletwithangular)
2019-10-19 14:37:30,256 DEBUG com.cg.onlinewalletwithspringbootrest.OnlinewalletwithangularApplication [restartedMain] Running with Spring Boot v2.2.0.RELEASE, Spring v5.2.0.RELEASE
2019-10-19 14:37:30,256 INFO com.cg.onlinewalletwithspringbootrest.OnlinewalletwithangularApplication [restartedMain] The following profiles are active: production
2019-10-19 14:37:31,360 INFO com.cg.onlinewalletwithspringbootrest.OnlinewalletwithangularApplication [restartedMain] Started OnlinewalletwithangularApplication in 1.144 seconds (JVM running for 6424.585)
2019-10-19 14:39:24,684 INFO com.cg.onlinewalletwithspringbootrest.OnlinewalletwithangularApplication [restartedMain] Starting OnlinewalletwithangularApplication on DESKTOP-NJBCR51 with PID 1116 (C:\Users\Admin\Desktop\sprint4updae\onlinewalletwithangular\target\classes started by Admin in C:\Users\Admin\Desktop\sprint4updae\onlinewalletwithangular)
2019-10-19 14:39:24,687 DEBUG com.cg.onlinewalletwithspringbootrest.OnlinewalletwithangularApplication [restartedMain] Running with Spring Boot v2.2.0.RELEASE, Spring v5.2.0.RELEASE
2019-10-19 14:39:24,687 INFO com.cg.onlinewalletwithspringbootrest.OnlinewalletwithangularApplication [restartedMain] The following profiles are active: production
2019-10-19 14:39:29,566 INFO com.cg.onlinewalletwithspringbootrest.OnlinewalletwithangularApplication [restartedMain] Started OnlinewalletwithangularApplication in 5.425 seconds (JVM running for 6.197)
2019-10-19 14:48:05,049 INFO com.cg.onlinewalletwithspringbootrest.OnlinewalletwithangularApplication [restartedMain] Starting OnlinewalletwithangularApplication on DESKTOP-NJBCR51 with PID 1116 (C:\Users\Admin\Desktop\sprint4updae\onlinewalletwithangular\target\classes started by Admin in C:\Users\Admin\Desktop\sprint4updae\onlinewalletwithangular)
2019-10-19 14:48:05,049 DEBUG com.cg.onlinewalletwithspringbootrest.OnlinewalletwithangularApplication [restartedMain] Running with Spring Boot v2.2.0.RELEASE, Spring v5.2.0.RELEASE
2019-10-19 14:48:05,049 INFO com.cg.onlinewalletwithspringbootrest.OnlinewalletwithangularApplication [restartedMain] The following profiles are active: production
2019-10-19 14:48:06,433 INFO com.cg.onlinewalletwithspringbootrest.OnlinewalletwithangularApplication [restartedMain] Started OnlinewalletwithangularApplication in 1.429 seconds (JVM running for 523.064)
2019-10-19 14:49:50,145 INFO com.cg.onlinewalletwithspringbootrest.OnlinewalletwithangularApplication [restartedMain] Starting OnlinewalletwithangularApplication on DESKTOP-NJBCR51 with PID 1116 (C:\Users\Admin\Desktop\sprint4updae\onlinewalletwithangular\target\classes started by Admin in C:\Users\Admin\Desktop\sprint4updae\onlinewalletwithangular)
2019-10-19 14:49:50,146 DEBUG com.cg.onlinewalletwithspringbootrest.OnlinewalletwithangularApplication [restartedMain] Running with Spring Boot v2.2.0.RELEASE, Spring v5.2.0.RELEASE
2019-10-19 14:49:50,146 INFO com.cg.onlinewalletwithspringbootrest.OnlinewalletwithangularApplication [restartedMain] The following profiles are active: production
2019-10-19 14:49:51,359 INFO com.cg.onlinewalletwithspringbootrest.OnlinewalletwithangularApplication [restartedMain] Started OnlinewalletwithangularApplication in 1.261 seconds (JVM running for 627.99)
2019-10-19 15:04:42,101 INFO com.cg.onlinewalletwithspringbootrest.OnlinewalletwithangularApplication [restartedMain] Starting OnlinewalletwithangularApplication on DESKTOP-NJBCR51 with PID 1116 (C:\Users\Admin\Desktop\sprint4updae\onlinewalletwithangular\target\classes started by Admin in C:\Users\Admin\Desktop\sprint4updae\onlinewalletwithangular)
2019-10-19 15:04:42,101 DEBUG com.cg.onlinewalletwithspringbootrest.OnlinewalletwithangularApplication [restartedMain] Running with Spring Boot v2.2.0.RELEASE, Spring v5.2.0.RELEASE
2019-10-19 15:04:42,101 INFO com.cg.onlinewalletwithspringbootrest.OnlinewalletwithangularApplication [restartedMain] The following profiles are active: production
2019-10-19 15:04:43,346 INFO com.cg.onlinewalletwithspringbootrest.OnlinewalletwithangularApplication [restartedMain] Started OnlinewalletwithangularApplication in 1.29 seconds (JVM running for 1519.977)
2019-10-19 15:08:04,066 TRACE com.cg.onlinewalletwithspringbootrest.controller.OnlineWalletController [http-nio-9050-exec-1] 9789211704registered
2019-10-19 15:28:42,782 INFO com.cg.onlinewalletwithspringbootrest.OnlinewalletwithangularApplication [restartedMain] Starting OnlinewalletwithangularApplication on DESKTOP-NJBCR51 with PID 7920 (C:\Users\Admin\Desktop\sprint4updae\onlinewalletwithangular\target\classes started by Admin in C:\Users\Admin\Desktop\sprint4updae\onlinewalletwithangular)
2019-10-19 15:28:42,784 DEBUG com.cg.onlinewalletwithspringbootrest.OnlinewalletwithangularApplication [restartedMain] Running with Spring Boot v2.2.0.RELEASE, Spring v5.2.0.RELEASE
2019-10-19 15:28:42,784 INFO com.cg.onlinewalletwithspringbootrest.OnlinewalletwithangularApplication [restartedMain] The following profiles are active: production
2019-10-19 15:28:47,686 INFO com.cg.onlinewalletwithspringbootrest.OnlinewalletwithangularApplication [restartedMain] Started OnlinewalletwithangularApplication in 5.41 seconds (JVM running for 6.173)
2019-10-19 16:18:49,739 TRACE com.cg.onlinewalletwithspringbootrest.controller.OnlineWalletController [http-nio-9050-exec-3] view accounts to be approved page opened by admin
2019-10-19 16:31:43,919 TRACE com.cg.onlinewalletwithspringbootrest.controller.OnlineWalletController [http-nio-9050-exec-5] view accounts to be approved page opened by admin
2019-10-19 16:32:35,806 TRACE com.cg.onlinewalletwithspringbootrest.controller.OnlineWalletController [http-nio-9050-exec-6] view accounts to be approved page opened by admin
2019-10-19 16:33:49,868 TRACE com.cg.onlinewalletwithspringbootrest.controller.OnlineWalletController [http-nio-9050-exec-8] view accounts to be approved page opened by admin
2019-10-19 16:34:57,239 TRACE com.cg.onlinewalletwithspringbootrest.controller.OnlineWalletController [http-nio-9050-exec-10] view accounts to be approved page opened by admin
2019-10-19 16:39:31,395 TRACE com.cg.onlinewalletwithspringbootrest.controller.OnlineWalletController [http-nio-9050-exec-2] view accounts to be approved page opened by admin
2019-10-19 16:42:45,791 TRACE com.cg.onlinewalletwithspringbootrest.controller.OnlineWalletController [http-nio-9050-exec-4] view accounts to be approved page opened by admin
2019-10-19 16:43:16,962 TRACE com.cg.onlinewalletwithspringbootrest.controller.OnlineWalletController [http-nio-9050-exec-5] view accounts to be approved page opened by admin
2019-10-19 16:44:12,248 TRACE com.cg.onlinewalletwithspringbootrest.controller.OnlineWalletController [http-nio-9050-exec-6] view accounts to be approved page opened by admin
2019-10-19 16:44:47,150 INFO com.cg.onlinewalletwithspringbootrest.OnlinewalletwithangularApplication [restartedMain] Starting OnlinewalletwithangularApplication on DESKTOP-NJBCR51 with PID 7920 (C:\Users\Admin\Desktop\sprint4updae\onlinewalletwithangular\target\classes started by Admin in C:\Users\Admin\Desktop\sprint4updae\onlinewalletwithangular)
2019-10-19 16:44:47,150 DEBUG com.cg.onlinewalletwithspringbootrest.OnlinewalletwithangularApplication [restartedMain] Running with Spring Boot v2.2.0.RELEASE, Spring v5.2.0.RELEASE
2019-10-19 16:44:47,150 INFO com.cg.onlinewalletwithspringbootrest.OnlinewalletwithangularApplication [restartedMain] The following profiles are active: production
2019-10-19 16:44:48,615 INFO com.cg.onlinewalletwithspringbootrest.OnlinewalletwithangularApplication [restartedMain] Started OnlinewalletwithangularApplication in 1.516 seconds (JVM running for 4567.102)
2019-10-19 16:46:07,165 TRACE com.cg.onlinewalletwithspringbootrest.controller.OnlineWalletController [http-nio-9050-exec-3] view accounts to be approved page opened by admin
2019-10-19 16:57:34,483 TRACE com.cg.onlinewalletwithspringbootrest.controller.OnlineWalletController [http-nio-9050-exec-5] view accounts to be approved page opened by admin
2019-10-19 16:58:19,944 TRACE com.cg.onlinewalletwithspringbootrest.controller.OnlineWalletController [http-nio-9050-exec-7] view accounts to be approved page opened by admin
2019-10-19 16:58:55,173 TRACE com.cg.onlinewalletwithspringbootrest.controller.OnlineWalletController [http-nio-9050-exec-9] view accounts to be approved page opened by admin
2019-10-19 17:02:18,282 INFO com.cg.onlinewalletwithspringbootrest.OnlinewalletwithangularApplication [restartedMain] Starting OnlinewalletwithangularApplication on DESKTOP-NJBCR51 with PID 11412 (C:\Users\Admin\Desktop\sprint4updae\onlinewalletwithangular\target\classes started by Admin in C:\Users\Admin\Desktop\sprint4updae\onlinewalletwithangular)
2019-10-19 17:02:18,286 DEBUG com.cg.onlinewalletwithspringbootrest.OnlinewalletwithangularApplication [restartedMain] Running with Spring Boot v2.2.0.RELEASE, Spring v5.2.0.RELEASE
2019-10-19 17:02:18,286 INFO com.cg.onlinewalletwithspringbootrest.OnlinewalletwithangularApplication [restartedMain] The following profiles are active: production
2019-10-19 17:02:23,114 INFO com.cg.onlinewalletwithspringbootrest.OnlinewalletwithangularApplication [restartedMain] Started OnlinewalletwithangularApplication in 5.339 seconds (JVM running for 6.114)
2019-10-19 17:02:50,256 TRACE com.cg.onlinewalletwithspringbootrest.controller.OnlineWalletController [http-nio-9050-exec-2] view accounts to be approved page opened by admin
2019-10-19 17:05:35,491 TRACE com.cg.onlinewalletwithspringbootrest.controller.OnlineWalletController [http-nio-9050-exec-4] view accounts to be approved page opened by admin
2019-10-19 17:07:21,834 TRACE com.cg.onlinewalletwithspringbootrest.controller.OnlineWalletController [http-nio-9050-exec-6] view accounts to be approved page opened by admin
2019-10-19 17:07:29,779 ERROR com.cg.onlinewalletwithspringbootrest.controller.OnlineWalletController [http-nio-9050-exec-7] invalid account no entered by admin
2019-10-19 17:07:56,437 TRACE com.cg.onlinewalletwithspringbootrest.controller.OnlineWalletController [http-nio-9050-exec-8] view accounts to be approved page opened by admin
2019-10-19 17:08:36,822 TRACE com.cg.onlinewalletwithspringbootrest.controller.OnlineWalletController [http-nio-9050-exec-9] view accounts to be approved page opened by admin
2019-10-19 17:08:46,001 TRACE com.cg.onlinewalletwithspringbootrest.controller.OnlineWalletController [http-nio-9050-exec-10] view accounts to be approved page opened by admin
2019-10-19 17:09:02,626 TRACE com.cg.onlinewalletwithspringbootrest.controller.OnlineWalletController [http-nio-9050-exec-3] view accounts to be approved page opened by admin
2019-10-19 17:09:50,259 TRACE com.cg.onlinewalletwithspringbootrest.controller.OnlineWalletController [http-nio-9050-exec-5] view accounts to be approved page opened by admin
2019-10-19 17:09:56,301 TRACE com.cg.onlinewalletwithspringbootrest.controller.OnlineWalletController [http-nio-9050-exec-6] view accounts to be approved page opened by admin
2019-10-19 17:10:02,509 TRACE com.cg.onlinewalletwithspringbootrest.controller.OnlineWalletController [http-nio-9050-exec-7] view accounts to be approved page opened by admin
2019-10-19 17:10:18,774 TRACE com.cg.onlinewalletwithspringbootrest.controller.OnlineWalletController [http-nio-9050-exec-8] view accounts to be approved page opened by admin
2019-10-19 17:10:23,726 ERROR com.cg.onlinewalletwithspringbootrest.controller.OnlineWalletController [http-nio-9050-exec-9] invalid account no entered by admin
2019-10-19 17:10:29,124 TRACE com.cg.onlinewalletwithspringbootrest.controller.OnlineWalletController [http-nio-9050-exec-10] view accounts to be approved page opened by admin
2019-10-19 17:10:43,356 ERROR com.cg.onlinewalletwithspringbootrest.controller.OnlineWalletController [http-nio-9050-exec-1] invalid account no entered by admin
2019-10-19 17:13:40,470 TRACE com.cg.onlinewalletwithspringbootrest.controller.OnlineWalletController [http-nio-9050-exec-3] 9585654772registered
2019-10-19 17:28:09,807 TRACE com.cg.onlinewalletwithspringbootrest.controller.OnlineWalletController [http-nio-9050-exec-5] view accounts to be approved page opened by admin
2019-10-19 17:28:16,884 ERROR com.cg.onlinewalletwithspringbootrest.controller.OnlineWalletController [http-nio-9050-exec-6] invalid account no entered by admin
2019-10-19 17:28:20,627 TRACE com.cg.onlinewalletwithspringbootrest.controller.OnlineWalletController [http-nio-9050-exec-7] view accounts to be approved page opened by admin
