2019-10-23 00:31:29,262 WARN com.cg.onlinewalletwithspringbootrest.config.JwtRequestFilter [http-nio-9050-exec-1] JWT Token does not begin with Bearer String
2019-10-23 00:31:29,262 WARN com.cg.onlinewalletwithspringbootrest.config.JwtRequestFilter [http-nio-9050-exec-2] JWT Token does not begin with Bearer String
2019-10-23 00:32:08,261 TRACE com.cg.onlinewalletwithspringbootrest.controller.OnlineWalletController [http-nio-9050-exec-2] 9951800546registered
2019-10-23 00:32:08,269 TRACE com.cg.onlinewalletwithspringbootrest.controller.OnlineWalletController [http-nio-9050-exec-1] 9951800546registered
2019-10-23 00:47:44,630 INFO com.cg.onlinewalletwithspringbootrest.OnlinewalletwithangularApplication [restartedMain] Starting OnlinewalletwithangularApplication on Lenovo-PC with PID 4668 (started by Lenovo in C:\Users\Lenovo\Desktop\project with angular\onlinewalletwithspringbootrest)
2019-10-23 00:47:44,631 DEBUG com.cg.onlinewalletwithspringbootrest.OnlinewalletwithangularApplication [restartedMain] Running with Spring Boot v2.2.0.RELEASE, Spring v5.2.0.RELEASE
2019-10-23 00:47:44,631 INFO com.cg.onlinewalletwithspringbootrest.OnlinewalletwithangularApplication [restartedMain] The following profiles are active: production
2019-10-23 00:48:32,099 DEBUG com.cg.onlinewalletwithspringbootrest.config.JwtRequestFilter [restartedMain] Filter 'jwtRequestFilter' configured for use
2019-10-23 00:48:40,827 INFO com.cg.onlinewalletwithspringbootrest.OnlinewalletwithangularApplication [restartedMain] Started OnlinewalletwithangularApplication in 58.788 seconds (JVM running for 4088.948)
2019-10-23 00:50:28,054 INFO com.cg.onlinewalletwithspringbootrest.OnlinewalletwithangularApplication [restartedMain] Starting OnlinewalletwithangularApplication on Lenovo-PC with PID 4668 (started by Lenovo in C:\Users\Lenovo\Desktop\project with angular\onlinewalletwithspringbootrest)
2019-10-23 00:50:28,054 DEBUG com.cg.onlinewalletwithspringbootrest.OnlinewalletwithangularApplication [restartedMain] Running with Spring Boot v2.2.0.RELEASE, Spring v5.2.0.RELEASE
2019-10-23 00:50:28,055 INFO com.cg.onlinewalletwithspringbootrest.OnlinewalletwithangularApplication [restartedMain] The following profiles are active: production
2019-10-23 00:50:36,254 DEBUG com.cg.onlinewalletwithspringbootrest.config.JwtRequestFilter [restartedMain] Filter 'jwtRequestFilter' configured for use
2019-10-23 00:50:37,878 INFO com.cg.onlinewalletwithspringbootrest.OnlinewalletwithangularApplication [restartedMain] Started OnlinewalletwithangularApplication in 10.144 seconds (JVM running for 4205.997)
2019-10-23 00:52:37,919 INFO com.cg.onlinewalletwithspringbootrest.OnlinewalletwithangularApplication [restartedMain] Starting OnlinewalletwithangularApplication on Lenovo-PC with PID 8812 (started by Lenovo in C:\Users\Lenovo\Desktop\project with angular\onlinewalletwithspringbootrest)
2019-10-23 00:52:38,139 DEBUG com.cg.onlinewalletwithspringbootrest.OnlinewalletwithangularApplication [restartedMain] Running with Spring Boot v2.2.0.RELEASE, Spring v5.2.0.RELEASE
2019-10-23 00:52:38,140 INFO com.cg.onlinewalletwithspringbootrest.OnlinewalletwithangularApplication [restartedMain] The following profiles are active: production
2019-10-23 00:54:50,922 DEBUG com.cg.onlinewalletwithspringbootrest.config.JwtRequestFilter [restartedMain] Filter 'jwtRequestFilter' configured for use
2019-10-23 00:55:02,916 ERROR org.springframework.boot.diagnostics.LoggingFailureAnalysisReporter [restartedMain] 

***************************
APPLICATION FAILED TO START
***************************

Description:

Web server failed to start. Port 9050 was already in use.

Action:

Identify and stop the process that's listening on port 9050 or configure this application to listen on another port.

2019-10-23 00:57:06,883 INFO com.cg.onlinewalletwithspringbootrest.OnlinewalletwithangularApplication [restartedMain] Starting OnlinewalletwithangularApplication on Lenovo-PC with PID 2760 (started by Lenovo in C:\Users\Lenovo\Desktop\project with angular\onlinewalletwithspringbootrest)
2019-10-23 00:57:06,971 DEBUG com.cg.onlinewalletwithspringbootrest.OnlinewalletwithangularApplication [restartedMain] Running with Spring Boot v2.2.0.RELEASE, Spring v5.2.0.RELEASE
2019-10-23 00:57:06,971 INFO com.cg.onlinewalletwithspringbootrest.OnlinewalletwithangularApplication [restartedMain] The following profiles are active: production
2019-10-23 01:01:35,748 DEBUG com.cg.onlinewalletwithspringbootrest.config.JwtRequestFilter [restartedMain] Filter 'jwtRequestFilter' configured for use
2019-10-23 01:01:43,611 ERROR org.springframework.boot.diagnostics.LoggingFailureAnalysisReporter [restartedMain] 

***************************
APPLICATION FAILED TO START
***************************

Description:

Web server failed to start. Port 9050 was already in use.

Action:

Identify and stop the process that's listening on port 9050 or configure this application to listen on another port.

2019-10-23 01:24:38,909 INFO com.cg.onlinewalletwithspringbootrest.OnlinewalletwithangularApplication [restartedMain] Starting OnlinewalletwithangularApplication on Lenovo-PC with PID 9332 (started by Lenovo in C:\Users\Lenovo\Desktop\project with angular\onlinewalletwithspringbootrest)
2019-10-23 01:24:39,020 DEBUG com.cg.onlinewalletwithspringbootrest.OnlinewalletwithangularApplication [restartedMain] Running with Spring Boot v2.2.0.RELEASE, Spring v5.2.0.RELEASE
2019-10-23 01:24:39,021 INFO com.cg.onlinewalletwithspringbootrest.OnlinewalletwithangularApplication [restartedMain] The following profiles are active: production
2019-10-23 01:25:26,895 DEBUG com.cg.onlinewalletwithspringbootrest.config.JwtRequestFilter [restartedMain] Filter 'jwtRequestFilter' configured for use
2019-10-23 01:25:34,941 INFO com.cg.onlinewalletwithspringbootrest.OnlinewalletwithangularApplication [restartedMain] Started OnlinewalletwithangularApplication in 74.201 seconds (JVM running for 115.413)
2019-10-23 01:27:09,293 WARN com.cg.onlinewalletwithspringbootrest.config.JwtRequestFilter [http-nio-9050-exec-1] JWT Token does not begin with Bearer String
2019-10-23 01:27:10,134 TRACE com.cg.onlinewalletwithspringbootrest.controller.OnlineWalletController [http-nio-9050-exec-1] 9951800546registered
2019-10-23 01:42:29,774 WARN com.cg.onlinewalletwithspringbootrest.config.JwtRequestFilter [http-nio-9050-exec-3] JWT Token does not begin with Bearer String
2019-10-23 01:43:22,381 WARN com.cg.onlinewalletwithspringbootrest.config.JwtRequestFilter [http-nio-9050-exec-5] JWT Token does not begin with Bearer String
2019-10-23 01:49:03,370 WARN com.cg.onlinewalletwithspringbootrest.config.JwtRequestFilter [http-nio-9050-exec-7] JWT Token does not begin with Bearer String
2019-10-23 01:49:04,550 WARN com.cg.onlinewalletwithspringbootrest.config.JwtRequestFilter [http-nio-9050-exec-8] JWT Token does not begin with Bearer String
2019-10-23 01:49:34,405 WARN com.cg.onlinewalletwithspringbootrest.config.JwtRequestFilter [http-nio-9050-exec-10] JWT Token does not begin with Bearer String
2019-10-23 01:51:58,971 WARN com.cg.onlinewalletwithspringbootrest.config.JwtRequestFilter [http-nio-9050-exec-2] JWT Token does not begin with Bearer String
2019-10-23 01:52:58,624 WARN com.cg.onlinewalletwithspringbootrest.config.JwtRequestFilter [http-nio-9050-exec-4] JWT Token does not begin with Bearer String
2019-10-23 01:53:48,277 WARN com.cg.onlinewalletwithspringbootrest.config.JwtRequestFilter [http-nio-9050-exec-6] JWT Token does not begin with Bearer String
